# JRE version: OpenJDK Runtime Environment Temurin-21.0.10+7 (21.0.10+7) (build 21.0.10+7-LTS)
# Java VM: OpenJDK 64-Bit Server VM Temurin-21.0.10+7 (21.0.10+7-LTS, mixed mode, sharing, tiered, compressed oops, compressed class ptrs, parallel gc, windows-amd64)
GC Precious Log:
 CardTable entry size: 512
 CPUs: 16 total, 16 available
 Memory: 7549M
 Large Page Support: Disabled
 NUMA Support: Disabled
 Compressed Oops: Enabled (32-bit)
 Alignments: Space 512K, Generation 512K, Heap 2M
 Heap Min Capacity: 100M
 Heap Initial Capacity: 100M
 Heap Max Capacity: 2G
 Pre-touch: Disabled
 Parallel Workers: 13
Heap:
 PSYoungGen      total 11776K, used 8062K [0x00000000d5580000, 0x00000000d6580000, 0x0000000100000000)
  eden space 10240K, 65% used [0x00000000d5580000,0x00000000d5c0e2f0,0x00000000d5f80000)
  from space 1536K, 87% used [0x00000000d6400000,0x00000000d6551560,0x00000000d6580000)
  to   space 1536K, 0% used [0x00000000d6280000,0x00000000d6280000,0x00000000d6400000)
 ParOldGen       total 315392K, used 315199K [0x0000000080000000, 0x0000000093400000, 0x00000000d5580000)
  object space 315392K, 99% used [0x0000000080000000,0x00000000933cfee8,0x0000000093400000)
 Metaspace       used 75552K, committed 77184K, reserved 1179648K
  class space    used 7747K, committed 8448K, reserved 1048576K
GC Heap History (20 events):
Event: 25970.504 GC heap before
{Heap before GC invocations=146 (full 3):
 PSYoungGen      total 11776K, used 11654K [0x00000000d5580000, 0x00000000d6b00000, 0x0000000100000000)
  eden space 10240K, 100% used [0x00000000d5580000,0x00000000d5f80000,0x00000000d5f80000)
  from space 1536K, 92% used [0x00000000d6980000,0x00000000d6ae1800,0x00000000d6b00000)
  to   space 1536K, 0% used [0x00000000d6800000,0x00000000d6800000,0x00000000d6980000)
 ParOldGen       total 268288K, used 267792K [0x0000000080000000, 0x0000000090600000, 0x00000000d5580000)
  object space 268288K, 99% used [0x0000000080000000,0x0000000090584038,0x0000000090600000)
 Metaspace       used 74843K, committed 76544K, reserved 1179648K
  class space    used 7733K, committed 8448K, reserved 1048576K
}
Event: 25970.510 GC heap after
{Heap after GC invocations=146 (full 3):
 PSYoungGen      total 11776K, used 1203K [0x00000000d5580000, 0x00000000d6a00000, 0x0000000100000000)
  eden space 10240K, 0% used [0x00000000d5580000,0x00000000d5580000,0x00000000d5f80000)
  from space 1536K, 78% used [0x00000000d6800000,0x00000000d692ce88,0x00000000d6980000)
  to   space 512K, 0% used [0x00000000d6980000,0x00000000d6980000,0x00000000d6a00000)
 ParOldGen       total 269312K, used 269064K [0x0000000080000000, 0x0000000090700000, 0x00000000d5580000)
  object space 269312K, 99% used [0x0000000080000000,0x00000000906c2078,0x0000000090700000)
 Metaspace       used 74843K, committed 76544K, reserved 1179648K
  class space    used 7733K, committed 8448K, reserved 1048576K
}
Event: 25971.313 GC heap before
{Heap before GC invocations=147 (full 3):
 PSYoungGen      total 11776K, used 11443K [0x00000000d5580000, 0x00000000d6a00000, 0x0000000100000000)
  eden space 10240K, 100% used [0x00000000d5580000,0x00000000d5f80000,0x00000000d5f80000)
  from space 1536K, 78% used [0x00000000d6800000,0x00000000d692ce88,0x00000000d6980000)
  to   space 512K, 0% used [0x00000000d6980000,0x00000000d6980000,0x00000000d6a00000)
 ParOldGen       total 269312K, used 269064K [0x0000000080000000, 0x0000000090700000, 0x00000000d5580000)
  object space 269312K, 99% used [0x0000000080000000,0x00000000906c2078,0x0000000090700000)
 Metaspace       used 75019K, committed 76672K, reserved 1179648K
  class space    used 7734K, committed 8448K, reserved 1048576K
}
Event: 25971.318 GC heap after
{Heap after GC invocations=147 (full 3):
 PSYoungGen      total 10752K, used 512K [0x00000000d5580000, 0x00000000d6a00000, 0x0000000100000000)
  eden space 10240K, 0% used [0x00000000d5580000,0x00000000d5580000,0x00000000d5f80000)
  from space 512K, 100% used [0x00000000d6980000,0x00000000d6a00000,0x00000000d6a00000)
  to   space 2560K, 0% used [0x00000000d6500000,0x00000000d6500000,0x00000000d6780000)
 ParOldGen       total 270848K, used 270565K [0x0000000080000000, 0x0000000090880000, 0x00000000d5580000)
  object space 270848K, 99% used [0x0000000080000000,0x0000000090839648,0x0000000090880000)
 Metaspace       used 75019K, committed 76672K, reserved 1179648K
  class space    used 7734K, committed 8448K, reserved 1048576K
}
Event: 25971.594 GC heap before
{Heap before GC invocations=148 (full 3):
 PSYoungGen      total 10752K, used 10752K [0x00000000d5580000, 0x00000000d6a00000, 0x0000000100000000)
  eden space 10240K, 100% used [0x00000000d5580000,0x00000000d5f80000,0x00000000d5f80000)
  from space 512K, 100% used [0x00000000d6980000,0x00000000d6a00000,0x00000000d6a00000)
  to   space 2560K, 0% used [0x00000000d6500000,0x00000000d6500000,0x00000000d6780000)
 ParOldGen       total 270848K, used 270565K [0x0000000080000000, 0x0000000090880000, 0x00000000d5580000)
  object space 270848K, 99% used [0x0000000080000000,0x0000000090839648,0x0000000090880000)
 Metaspace       used 75112K, committed 76800K, reserved 1179648K
  class space    used 7736K, committed 8448K, reserved 1048576K
}
Event: 25971.600 GC heap after
{Heap after GC invocations=148 (full 3):
 PSYoungGen      total 12800K, used 1140K [0x00000000d5580000, 0x00000000d6a00000, 0x0000000100000000)
  eden space 10240K, 0% used [0x00000000d5580000,0x00000000d5580000,0x00000000d5f80000)
  from space 2560K, 44% used [0x00000000d6500000,0x00000000d661d200,0x00000000d6780000)
  to   space 1536K, 0% used [0x00000000d6880000,0x00000000d6880000,0x00000000d6a00000)
 ParOldGen       total 271360K, used 271051K [0x0000000080000000, 0x0000000090900000, 0x00000000d5580000)
  object space 271360K, 99% used [0x0000000080000000,0x00000000908b2e58,0x0000000090900000)
 Metaspace       used 75112K, committed 76800K, reserved 1179648K
  class space    used 7736K, committed 8448K, reserved 1048576K
}
Event: 25971.742 GC heap before
{Heap before GC invocations=149 (full 3):
 PSYoungGen      total 12800K, used 11380K [0x00000000d5580000, 0x00000000d6a00000, 0x0000000100000000)
  eden space 10240K, 100% used [0x00000000d5580000,0x00000000d5f80000,0x00000000d5f80000)
  from space 2560K, 44% used [0x00000000d6500000,0x00000000d661d200,0x00000000d6780000)
  to   space 1536K, 0% used [0x00000000d6880000,0x00000000d6880000,0x00000000d6a00000)
 ParOldGen       total 271360K, used 271051K [0x0000000080000000, 0x0000000090900000, 0x00000000d5580000)
  object space 271360K, 99% used [0x0000000080000000,0x00000000908b2e58,0x0000000090900000)
 Metaspace       used 75127K, committed 76800K, reserved 1179648K
  class space    used 7737K, committed 8448K, reserved 1048576K
}
Event: 25971.749 GC heap after
{Heap after GC invocations=149 (full 3):
 PSYoungGen      total 11776K, used 1216K [0x00000000d5580000, 0x00000000d6a00000, 0x0000000100000000)
  eden space 10240K, 0% used [0x00000000d5580000,0x00000000d5580000,0x00000000d5f80000)
  from space 1536K, 79% used [0x00000000d6880000,0x00000000d69b0000,0x00000000d6a00000)
  to   space 1536K, 0% used [0x00000000d6700000,0x00000000d6700000,0x00000000d6880000)
 ParOldGen       total 272384K, used 271970K [0x0000000080000000, 0x0000000090a00000, 0x00000000d5580000)
  object space 272384K, 99% used [0x0000000080000000,0x00000000909989a0,0x0000000090a00000)
 Metaspace       used 75127K, committed 76800K, reserved 1179648K
  class space    used 7737K, committed 8448K, reserved 1048576K
}
Event: 25974.313 GC heap before
{Heap before GC invocations=150 (full 3):
 PSYoungGen      total 11776K, used 10984K [0x00000000d5580000, 0x00000000d6a00000, 0x0000000100000000)
  eden space 10240K, 95% used [0x00000000d5580000,0x00000000d5f0a3d0,0x00000000d5f80000)
  from space 1536K, 79% used [0x00000000d6880000,0x00000000d69b0000,0x00000000d6a00000)
  to   space 1536K, 0% used [0x00000000d6700000,0x00000000d6700000,0x00000000d6880000)
 ParOldGen       total 272384K, used 271970K [0x0000000080000000, 0x0000000090a00000, 0x00000000d5580000)
  object space 272384K, 99% used [0x0000000080000000,0x00000000909989a0,0x0000000090a00000)
 Metaspace       used 75211K, committed 76864K, reserved 1179648K
  class space    used 7743K, committed 8448K, reserved 1048576K
}
Event: 25974.326 GC heap after
{Heap after GC invocations=150 (full 3):
 PSYoungGen      total 11776K, used 1515K [0x00000000d5580000, 0x00000000d6900000, 0x0000000100000000)
  eden space 10240K, 0% used [0x00000000d5580000,0x00000000d5580000,0x00000000d5f80000)
  from space 1536K, 98% used [0x00000000d6700000,0x00000000d687adb8,0x00000000d6880000)
  to   space 512K, 0% used [0x00000000d6880000,0x00000000d6880000,0x00000000d6900000)
 ParOldGen       total 274432K, used 273814K [0x0000000080000000, 0x0000000090c00000, 0x00000000d5580000)
  object space 274432K, 99% used [0x0000000080000000,0x0000000090b65b90,0x0000000090c00000)
 Metaspace       used 75211K, committed 76864K, reserved 1179648K
  class space    used 7743K, committed 8448K, reserved 1048576K
}
Event: 25974.978 GC heap before
{Heap before GC invocations=151 (full 3):
 PSYoungGen      total 11776K, used 11752K [0x00000000d5580000, 0x00000000d6900000, 0x0000000100000000)
  eden space 10240K, 99% used [0x00000000d5580000,0x00000000d5f7f318,0x00000000d5f80000)
  from space 1536K, 98% used [0x00000000d6700000,0x00000000d687adb8,0x00000000d6880000)
  to   space 512K, 0% used [0x00000000d6880000,0x00000000d6880000,0x00000000d6900000)
 ParOldGen       total 274432K, used 273814K [0x0000000080000000, 0x0000000090c00000, 0x00000000d5580000)
  object space 274432K, 99% used [0x0000000080000000,0x0000000090b65b90,0x0000000090c00000)
 Metaspace       used 75234K, committed 76864K, reserved 1179648K
  class space    used 7743K, committed 8448K, reserved 1048576K
}
Event: 25974.986 GC heap after
{Heap after GC invocations=151 (full 3):
 PSYoungGen      total 10752K, used 507K [0x00000000d5580000, 0x00000000d7080000, 0x0000000100000000)
  eden space 10240K, 0% used [0x00000000d5580000,0x00000000d5580000,0x00000000d5f80000)
  from space 512K, 99% used [0x00000000d6880000,0x00000000d68fed58,0x00000000d6900000)
  to   space 8704K, 0% used [0x00000000d5f80000,0x00000000d5f80000,0x00000000d6800000)
 ParOldGen       total 281088K, used 280926K [0x0000000080000000, 0x0000000091280000, 0x00000000d5580000)
  object space 281088K, 99% used [0x0000000080000000,0x0000000091257a38,0x0000000091280000)
 Metaspace       used 75234K, committed 76864K, reserved 1179648K
  class space    used 7743K, committed 8448K, reserved 1048576K
}
Event: 25975.391 GC heap before
{Heap before GC invocations=152 (full 3):
 PSYoungGen      total 10752K, used 10747K [0x00000000d5580000, 0x00000000d7080000, 0x0000000100000000)
  eden space 10240K, 100% used [0x00000000d5580000,0x00000000d5f80000,0x00000000d5f80000)
  from space 512K, 99% used [0x00000000d6880000,0x00000000d68fed58,0x00000000d6900000)
  to   space 8704K, 0% used [0x00000000d5f80000,0x00000000d5f80000,0x00000000d6800000)
 ParOldGen       total 281088K, used 280926K [0x0000000080000000, 0x0000000091280000, 0x00000000d5580000)
  object space 281088K, 99% used [0x0000000080000000,0x0000000091257a38,0x0000000091280000)
 Metaspace       used 75269K, committed 76928K, reserved 1179648K
  class space    used 7743K, committed 8448K, reserved 1048576K
}
Event: 25975.398 GC heap after
{Heap after GC invocations=152 (full 3):
 PSYoungGen      total 11776K, used 1472K [0x00000000d5580000, 0x00000000d6900000, 0x0000000100000000)
  eden space 10240K, 0% used [0x00000000d5580000,0x00000000d5580000,0x00000000d5f80000)
  from space 1536K, 95% used [0x00000000d5f80000,0x00000000d60f0020,0x00000000d6100000)
  to   space 4096K, 0% used [0x00000000d6500000,0x00000000d6500000,0x00000000d6900000)
 ParOldGen       total 281600K, used 281441K [0x0000000080000000, 0x0000000091300000, 0x00000000d5580000)
  object space 281600K, 99% used [0x0000000080000000,0x00000000912d84f8,0x0000000091300000)
 Metaspace       used 75269K, committed 76928K, reserved 1179648K
  class space    used 7743K, committed 8448K, reserved 1048576K
}
Event: 25976.925 GC heap before
{Heap before GC invocations=153 (full 3):
 PSYoungGen      total 11776K, used 11712K [0x00000000d5580000, 0x00000000d6900000, 0x0000000100000000)
  eden space 10240K, 100% used [0x00000000d5580000,0x00000000d5f80000,0x00000000d5f80000)
  from space 1536K, 95% used [0x00000000d5f80000,0x00000000d60f0020,0x00000000d6100000)
  to   space 4096K, 0% used [0x00000000d6500000,0x00000000d6500000,0x00000000d6900000)
 ParOldGen       total 313344K, used 312161K [0x0000000080000000, 0x0000000093200000, 0x00000000d5580000)
  object space 313344K, 99% used [0x0000000080000000,0x00000000930d8528,0x0000000093200000)
 Metaspace       used 75417K, committed 77056K, reserved 1179648K
  class space    used 7743K, committed 8448K, reserved 1048576K
}
Event: 25976.930 GC heap after
{Heap after GC invocations=153 (full 3):
 PSYoungGen      total 11776K, used 1236K [0x00000000d5580000, 0x00000000d6680000, 0x0000000100000000)
  eden space 10240K, 0% used [0x00000000d5580000,0x00000000d5580000,0x00000000d5f80000)
  from space 1536K, 80% used [0x00000000d6500000,0x00000000d6635220,0x00000000d6680000)
  to   space 2048K, 0% used [0x00000000d6280000,0x00000000d6280000,0x00000000d6480000)
 ParOldGen       total 313344K, used 313331K [0x0000000080000000, 0x0000000093200000, 0x00000000d5580000)
  object space 313344K, 99% used [0x0000000080000000,0x00000000931fce48,0x0000000093200000)
 Metaspace       used 75417K, committed 77056K, reserved 1179648K
  class space    used 7743K, committed 8448K, reserved 1048576K
}
Event: 25977.106 GC heap before
{Heap before GC invocations=154 (full 3):
 PSYoungGen      total 11776K, used 11476K [0x00000000d5580000, 0x00000000d6680000, 0x0000000100000000)
  eden space 10240K, 100% used [0x00000000d5580000,0x00000000d5f80000,0x00000000d5f80000)
  from space 1536K, 80% used [0x00000000d6500000,0x00000000d6635220,0x00000000d6680000)
  to   space 2048K, 0% used [0x00000000d6280000,0x00000000d6280000,0x00000000d6480000)
 ParOldGen       total 313344K, used 313331K [0x0000000080000000, 0x0000000093200000, 0x00000000d5580000)
  object space 313344K, 99% used [0x0000000080000000,0x00000000931fce48,0x0000000093200000)
 Metaspace       used 75464K, committed 77120K, reserved 1179648K
  class space    used 7743K, committed 8448K, reserved 1048576K
}
Event: 25977.117 GC heap after
{Heap after GC invocations=154 (full 3):
 PSYoungGen      total 11776K, used 1120K [0x00000000d5580000, 0x00000000d6580000, 0x0000000100000000)
  eden space 10240K, 0% used [0x00000000d5580000,0x00000000d5580000,0x00000000d5f80000)
  from space 1536K, 72% used [0x00000000d6280000,0x00000000d6398000,0x00000000d6400000)
  to   space 1536K, 0% used [0x00000000d6400000,0x00000000d6400000,0x00000000d6580000)
 ParOldGen       total 314880K, used 314387K [0x0000000080000000, 0x0000000093380000, 0x00000000d5580000)
  object space 314880K, 99% used [0x0000000080000000,0x0000000093304eb8,0x0000000093380000)
 Metaspace       used 75464K, committed 77120K, reserved 1179648K
  class space    used 7743K, committed 8448K, reserved 1048576K
}
Event: 25977.260 GC heap before
{Heap before GC invocations=155 (full 3):
 PSYoungGen      total 11776K, used 11360K [0x00000000d5580000, 0x00000000d6580000, 0x0000000100000000)
  eden space 10240K, 100% used [0x00000000d5580000,0x00000000d5f80000,0x00000000d5f80000)
  from space 1536K, 72% used [0x00000000d6280000,0x00000000d6398000,0x00000000d6400000)
  to   space 1536K, 0% used [0x00000000d6400000,0x00000000d6400000,0x00000000d6580000)
 ParOldGen       total 314880K, used 314387K [0x0000000080000000, 0x0000000093380000, 0x00000000d5580000)
  object space 314880K, 99% used [0x0000000080000000,0x0000000093304eb8,0x0000000093380000)
 Metaspace       used 75474K, committed 77120K, reserved 1179648K
  class space    used 7743K, committed 8448K, reserved 1048576K
}
Event: 25977.271 GC heap after
{Heap after GC invocations=155 (full 3):
 PSYoungGen      total 11776K, used 1349K [0x00000000d5580000, 0x00000000d6580000, 0x0000000100000000)
  eden space 10240K, 0% used [0x00000000d5580000,0x00000000d5580000,0x00000000d5f80000)
  from space 1536K, 87% used [0x00000000d6400000,0x00000000d6551560,0x00000000d6580000)
  to   space 1536K, 0% used [0x00000000d6280000,0x00000000d6280000,0x00000000d6400000)
 ParOldGen       total 315392K, used 315199K [0x0000000080000000, 0x0000000093400000, 0x00000000d5580000)
  object space 315392K, 99% used [0x0000000080000000,0x00000000933cfee8,0x0000000093400000)
 Metaspace       used 75474K, committed 77120K, reserved 1179648K
  class space    used 7743K, committed 8448K, reserved 1048576K
}

